Build started 02.10.2015 16:45:22.
     1>Project "D:\Git_repo\jim-db\src\jimdbMSVS.vcxproj" on node 2 (Build target(s)).
     1>ClCompile:
         C:\Program Files (x86)\Microsoft Visual Studio 14.0\VC\bin\x86_amd64\CL.exe /c /Zi /nologo /W3 /WX- /sdl /O2 /Oi /GL /D _CRT_SECURE_NO_WARNINGS /D _MBCS /Gm- /EHsc /MD /GS /Gy /fp:precise /Zc:wchar_t /Zc:forScope /Zc:inline /Fo"x64\Release\\" /Fd"x64\Release\vc140.pdb" /Gd /TP /errorReport:prompt tasking\requesttask.cpp
         requesttask.cpp
       Link:
         C:\Program Files (x86)\Microsoft Visual Studio 14.0\VC\bin\x86_amd64\link.exe /ERRORREPORT:PROMPT /OUT:"D:\Git_repo\jim-db\src\x64\Release\jimdbMSVS.exe" /NOLOGO kernel32.lib user32.lib gdi32.lib winspool.lib comdlg32.lib advapi32.lib shell32.lib ole32.lib oleaut32.lib uuid.lib odbc32.lib odbccp32.lib /MANIFEST /MANIFESTUAC:"level='asInvoker' uiAccess='false'" /manifest:embed /Debug /PDB:"D:\Git_repo\jim-db\src\x64\Release\jimdbMSVS.pdb" /OPT:REF /OPT:ICF /LTCG:incremental /TLBID:1 /DYNAMICBASE /NXCOMPAT /IMPLIB:"D:\Git_repo\jim-db\src\x64\Release\jimdbMSVS.lib" /MACHINE:X64 x64\Release\configuration.obj
         x64\Release\freetype.obj
         x64\Release\stringtype.obj
         x64\Release\logger.obj
         x64\Release\logmessage.obj
         x64\Release\logtimer.obj
         x64\Release\main.obj
         x64\Release\clienthandle.obj
         x64\Release\message.obj
         x64\Release\tcpserver.obj
         x64\Release\page.obj
         x64\Release\handshake.obj
         x64\Release\requesttask.obj
         x64\Release\taskqueue.obj
         x64\Release\worker.obj
         Generating code
         1 of 1594 functions ( 0.1%) were compiled, the rest were copied from previous compilation.
           0 functions were new in current compilation
           1 functions had inline decision re-evaluated but remain unchanged
         Finished generating code
         jimdbMSVS.vcxproj -> D:\Git_repo\jim-db\src\x64\Release\jimdbMSVS.exe
     1>Done Building Project "D:\Git_repo\jim-db\src\jimdbMSVS.vcxproj" (Build target(s)).

Build succeeded.

Time Elapsed 00:00:01.60
