[info][File:main.cpp][Line:58][thread:4568][05-10-2015][10:30:21] {"logfile":"default.log","loglevel":"5","thread":"0","port":"6060"}
[info][File:tcpserver.cpp][Line:106][thread:4568][05-10-2015][10:30:21] Server started on port: 6060
[info][File:main.cpp][Line:93][thread:4568][05-10-2015][10:30:21] Starting: 8 Workers
[info][File:main.cpp][Line:58][thread:8600][05-10-2015][10:32:58] {"logfile":"default.log","loglevel":"5","thread":"0","port":"6060"}
[info][File:tcpserver.cpp][Line:106][thread:8600][05-10-2015][10:32:58] Server started on port: 6060
[info][File:main.cpp][Line:93][thread:8600][05-10-2015][10:32:58] Starting: 8 Workers
[info][File:main.cpp][Line:58][thread:10156][05-10-2015][10:35:42] {"logfile":"default.log","loglevel":"5","thread":"0","port":"6060"}
[info][File:tcpserver.cpp][Line:106][thread:10156][05-10-2015][10:35:42] Server started on port: 6060
[info][File:main.cpp][Line:93][thread:10156][05-10-2015][10:35:42] Starting: 8 Workers
[info][File:main.cpp][Line:58][thread:12084][05-10-2015][10:37:49] {"logfile":"default.log","loglevel":"5","thread":"0","port":"6060"}
[info][File:tcpserver.cpp][Line:106][thread:12084][05-10-2015][10:37:49] Server started on port: 6060
[info][File:main.cpp][Line:93][thread:12084][05-10-2015][10:37:49] Starting: 8 Workers
[info][File:main.cpp][Line:60][thread:4648][05-10-2015][11:55:22] {"logfile":"default.log","loglevel":"5","thread":"0","port":"6060"}
[info][File:tcpserver.cpp][Line:106][thread:4648][05-10-2015][11:55:22] Server started on port: 6060
[info][File:main.cpp][Line:95][thread:4648][05-10-2015][11:55:22] Starting: 8 Workers
[info][File:main.cpp][Line:60][thread:1956][05-10-2015][11:56:13] {"logfile":"default.log","loglevel":"5","thread":"0","port":"6060"}
[info][File:tcpserver.cpp][Line:106][thread:1956][05-10-2015][11:56:13] Server started on port: 6060
[info][File:main.cpp][Line:95][thread:1956][05-10-2015][11:56:13] Starting: 8 Workers
[info][File:main.cpp][Line:60][thread:6228][05-10-2015][11:56:42] {"logfile":"default.log","loglevel":"5","thread":"0","port":"6060"}
[info][File:tcpserver.cpp][Line:106][thread:6228][05-10-2015][11:56:42] Server started on port: 6060
[info][File:main.cpp][Line:95][thread:6228][05-10-2015][11:56:42] Starting: 8 Workers
[info][File:main.cpp][Line:88][thread:6568][05-10-2015][12:10:11] {"logfile":"default.log","loglevel":"5","thread":"0","port":"6060"}
[info][File:tcpserver.cpp][Line:106][thread:6568][05-10-2015][12:10:11] Server started on port: 6060
[info][File:main.cpp][Line:123][thread:6568][05-10-2015][12:10:11] Starting: 8 Workers
[info][File:main.cpp][Line:88][thread:6520][05-10-2015][12:10:37] {"logfile":"default.log","loglevel":"5","thread":"0","port":"6060"}
[info][File:tcpserver.cpp][Line:106][thread:6520][05-10-2015][12:10:37] Server started on port: 6060
[info][File:main.cpp][Line:123][thread:6520][05-10-2015][12:10:37] Starting: 8 Workers
[info][File:main.cpp][Line:88][thread:7024][05-10-2015][12:11:11] {"logfile":"default.log","loglevel":"5","thread":"0","port":"6060"}
[info][File:tcpserver.cpp][Line:106][thread:7024][05-10-2015][12:11:11] Server started on port: 6060
[info][File:main.cpp][Line:123][thread:7024][05-10-2015][12:11:11] Starting: 8 Workers
[info][File:main.cpp][Line:91][thread:9632][05-10-2015][12:12:03] {"logfile":"default.log","loglevel":"5","thread":"0","port":"6060"}
[info][File:tcpserver.cpp][Line:106][thread:9632][05-10-2015][12:12:03] Server started on port: 6060
[info][File:main.cpp][Line:126][thread:9632][05-10-2015][12:12:03] Starting: 8 Workers
[info][File:main.cpp][Line:91][thread:7772][05-10-2015][12:12:22] {"logfile":"default.log","loglevel":"5","thread":"0","port":"6060"}
[info][File:tcpserver.cpp][Line:106][thread:7772][05-10-2015][12:12:22] Server started on port: 6060
[info][File:main.cpp][Line:126][thread:7772][05-10-2015][12:12:22] Starting: 8 Workers
[info][File:main.cpp][Line:91][thread:10156][05-10-2015][12:16:16] {"logfile":"default.log","loglevel":"5","thread":"0","port":"6060"}
[info][File:tcpserver.cpp][Line:106][thread:10156][05-10-2015][12:16:16] Server started on port: 6060
[info][File:main.cpp][Line:126][thread:10156][05-10-2015][12:16:16] Starting: 8 Workers
[info][File:main.cpp][Line:91][thread:8684][05-10-2015][12:16:31] {"logfile":"default.log","loglevel":"5","thread":"0","port":"6060"}
[info][File:tcpserver.cpp][Line:106][thread:8684][05-10-2015][12:16:31] Server started on port: 6060
[info][File:main.cpp][Line:126][thread:8684][05-10-2015][12:16:31] Starting: 8 Workers
[info][File:main.cpp][Line:91][thread:3484][05-10-2015][12:20:37] {"logfile":"default.log","loglevel":"5","thread":"0","port":"6060"}
[info][File:tcpserver.cpp][Line:106][thread:3484][05-10-2015][12:20:37] Server started on port: 6060
[info][File:main.cpp][Line:126][thread:3484][05-10-2015][12:20:37] Starting: 8 Workers
[info][File:main.cpp][Line:92][thread:2952][05-10-2015][12:20:56] {"logfile":"default.log","loglevel":"5","thread":"0","port":"6060"}
[info][File:tcpserver.cpp][Line:106][thread:2952][05-10-2015][12:20:56] Server started on port: 6060
[info][File:main.cpp][Line:127][thread:2952][05-10-2015][12:20:56] Starting: 8 Workers
[info][File:main.cpp][Line:92][thread:11900][05-10-2015][12:21:17] {"logfile":"default.log","loglevel":"5","thread":"0","port":"6060"}
[info][File:tcpserver.cpp][Line:106][thread:11900][05-10-2015][12:21:17] Server started on port: 6060
[info][File:main.cpp][Line:127][thread:11900][05-10-2015][12:21:17] Starting: 8 Workers
[info][File:main.cpp][Line:92][thread:12108][05-10-2015][12:21:32] {"logfile":"default.log","loglevel":"5","thread":"0","port":"6060"}
[info][File:tcpserver.cpp][Line:106][thread:12108][05-10-2015][12:21:32] Server started on port: 6060
[info][File:main.cpp][Line:127][thread:12108][05-10-2015][12:21:32] Starting: 8 Workers
[info][File:main.cpp][Line:92][thread:10548][05-10-2015][12:21:41] {"logfile":"default.log","loglevel":"5","thread":"0","port":"6060"}
[info][File:tcpserver.cpp][Line:106][thread:10548][05-10-2015][12:21:41] Server started on port: 6060
[info][File:main.cpp][Line:127][thread:10548][05-10-2015][12:21:41] Starting: 8 Workers
[info][File:main.cpp][Line:92][thread:9028][05-10-2015][12:21:50] {"logfile":"default.log","loglevel":"5","thread":"0","port":"6060"}
[info][File:tcpserver.cpp][Line:106][thread:9028][05-10-2015][12:21:50] Server started on port: 6060
[info][File:main.cpp][Line:127][thread:9028][05-10-2015][12:21:50] Starting: 8 Workers
[info][File:main.cpp][Line:92][thread:3112][05-10-2015][12:22:34] {"logfile":"default.log","loglevel":"5","thread":"0","port":"6060"}
[info][File:tcpserver.cpp][Line:106][thread:3112][05-10-2015][12:22:34] Server started on port: 6060
[info][File:main.cpp][Line:127][thread:3112][05-10-2015][12:22:34] Starting: 8 Workers
[info][File:main.cpp][Line:98][thread:10196][05-10-2015][12:31:19] {"logfile":"default.log","loglevel":"5","thread":"0","port":"6060"}
[info][File:tcpserver.cpp][Line:106][thread:10196][05-10-2015][12:31:19] Server started on port: 6060
[info][File:main.cpp][Line:133][thread:10196][05-10-2015][12:31:19] Starting: 8 Workers
[info][File:main.cpp][Line:102][thread:10460][05-10-2015][12:36:12] {"loglevel":"5","logfile":"default.log","thread":"5","port":"6060"}
[info][File:tcpserver.cpp][Line:106][thread:10460][05-10-2015][12:36:12] Server started on port: 6060
[info][File:main.cpp][Line:137][thread:10460][05-10-2015][12:36:12] Starting: 6 Workers
[info][File:main.cpp][Line:95][thread:9548][05-10-2015][12:37:42] {"loglevel":"5","logfile":"default.log","thread":"5","port":"6060"}
[info][File:tcpserver.cpp][Line:106][thread:9548][05-10-2015][12:37:42] Server started on port: 6060
[info][File:main.cpp][Line:130][thread:9548][05-10-2015][12:37:42] Starting: 6 Workers
[info][File:main.cpp][Line:59][thread:8252][05-10-2015][12:48:21] {"loglevel":"5","logfile":"default.log","thread":"5","port":"6060"}
[info][File:tcpserver.cpp][Line:106][thread:8252][05-10-2015][12:48:21] Server started on port: 6060
[info][File:main.cpp][Line:94][thread:8252][05-10-2015][12:48:21] Starting: 6 Workers
[info][File:main.cpp][Line:58][thread:6304][05-10-2015][12:49:33] {"loglevel":"5","logfile":"default.log","thread":"5","port":"6060"}
[info][File:tcpserver.cpp][Line:106][thread:6304][05-10-2015][12:49:33] Server started on port: 6060
[info][File:main.cpp][Line:78][thread:6304][05-10-2015][12:49:33] Starting: 6 Workers
[info][File:main.cpp][Line:58][thread:5096][05-10-2015][12:56:37] {"loglevel":"5","logfile":"default.log","thread":"5","port":"6060"}
[info][File:tcpserver.cpp][Line:106][thread:5096][05-10-2015][12:56:37] Server started on port: 6060
[info][File:main.cpp][Line:78][thread:5096][05-10-2015][12:56:37] Starting: 6 Workers
[info][File:main.cpp][Line:60][thread:8992][05-10-2015][12:57:17] {"loglevel":"5","logfile":"default.log","thread":"5","port":"6060"}
[info][File:tcpserver.cpp][Line:106][thread:8992][05-10-2015][12:57:17] Server started on port: 6060
[info][File:main.cpp][Line:80][thread:8992][05-10-2015][12:57:17] Starting: 6 Workers
[info][File:main.cpp][Line:60][thread:10552][05-10-2015][12:58:11] {"loglevel":"5","logfile":"default.log","thread":"5","port":"6060"}
[info][File:tcpserver.cpp][Line:106][thread:10552][05-10-2015][12:58:11] Server started on port: 6060
[info][File:main.cpp][Line:80][thread:10552][05-10-2015][12:58:11] Starting: 6 Workers
[info][File:main.cpp][Line:59][thread:12056][05-10-2015][13:00:29] {"loglevel":"5","logfile":"default.log","thread":"5","port":"6060"}
[info][File:tcpserver.cpp][Line:106][thread:12056][05-10-2015][13:00:29] Server started on port: 6060
[info][File:main.cpp][Line:79][thread:12056][05-10-2015][13:00:29] Starting: 6 Workers
[info][File:main.cpp][Line:60][thread:6328][05-10-2015][13:06:04] {"loglevel":"5","logfile":"default.log","thread":"5","port":"6060"}
[info][File:tcpserver.cpp][Line:106][thread:6328][05-10-2015][13:06:04] Server started on port: 6060
[info][File:main.cpp][Line:80][thread:6328][05-10-2015][13:06:04] Starting: 6 Workers
[info][File:main.cpp][Line:68][thread:5944][05-10-2015][13:13:58] {"loglevel":"5","logfile":"default.log","thread":"5","port":"6060"}
[info][File:tcpserver.cpp][Line:106][thread:5944][05-10-2015][13:13:58] Server started on port: 6060
[info][File:main.cpp][Line:88][thread:5944][05-10-2015][13:13:58] Starting: 6 Workers
[info][File:main.cpp][Line:68][thread:8816][05-10-2015][13:14:17] {"loglevel":"5","logfile":"default.log","thread":"5","port":"6060"}
[info][File:tcpserver.cpp][Line:106][thread:8816][05-10-2015][13:14:17] Server started on port: 6060
[info][File:main.cpp][Line:88][thread:8816][05-10-2015][13:14:17] Starting: 6 Workers
[info][File:main.cpp][Line:70][thread:972][05-10-2015][13:15:50] {"loglevel":"5","logfile":"default.log","thread":"5","port":"6060"}
[info][File:tcpserver.cpp][Line:106][thread:972][05-10-2015][13:15:50] Server started on port: 6060
[info][File:main.cpp][Line:90][thread:972][05-10-2015][13:15:50] Starting: 6 Workers
[info][File:main.cpp][Line:71][thread:9360][05-10-2015][14:04:04] {"loglevel":"5","logfile":"default.log","thread":"0","port":"6060"}
[info][File:tcpserver.cpp][Line:106][thread:9360][05-10-2015][14:04:04] Server started on port: 6060
[info][File:main.cpp][Line:91][thread:9360][05-10-2015][14:04:04] Starting: 8 Workers
[info][File:main.cpp][Line:71][thread:444][07-10-2015][10:48:38] {"loglevel":"5","logfile":"default.log","thread":"0","port":"6060"}
[info][File:tcpserver.cpp][Line:106][thread:444][07-10-2015][10:48:38] Server started on port: 6060
[info][File:main.cpp][Line:91][thread:444][07-10-2015][10:48:38] Starting: 8 Workers
[info][File:tcpserver.cpp][Line:157][thread:444][07-10-2015][10:49:01] TCPServer: got connection from 127.0.0.1 ID: 240
[info][File:clienthandle.cpp][Line:66][thread:8752][07-10-2015][10:49:01] Sent: {"type":"handshake","data":"hi"}
[debug][File:clienthandle.cpp][Line:109][thread:8752][07-10-2015][10:49:01] recv a message with size: 32
[debug][File:clienthandle.cpp][Line:118][thread:8752][07-10-2015][10:49:01] Buffer Message: {"type":"handshake","data":"hi"}
[debug][File:handshake.cpp][Line:27][thread:8752][07-10-2015][10:49:01] Handshake successful
[debug][File:clienthandle.cpp][Line:109][thread:9656][07-10-2015][10:49:01] recv a message with size: 51
[debug][File:clienthandle.cpp][Line:118][thread:9656][07-10-2015][10:49:01] Buffer Message: {"data":{"some":"MUH sagt die Kuh"},"type":"query"}
[debug][File:requesttask.cpp][Line:65][thread:9656][07-10-2015][10:49:01] query message
[debug][File:clienthandle.cpp][Line:41][thread:9656][07-10-2015][10:49:01] Client:240 closed
[info][File:main.cpp][Line:81][thread:11156][07-10-2015][11:08:20] {"loglevel":"5","logfile":"default.log","thread":"0","port":"6060"}
[info][File:main.cpp][Line:93][thread:11892][07-10-2015][11:14:18] {"loglevel":"5","logfile":"default.log","thread":"0","port":"6060","max_tasks":"1024"}
[info][File:tcpserver.cpp][Line:106][thread:11892][07-10-2015][11:14:18] Server started on port: 6060
[info][File:main.cpp][Line:116][thread:11892][07-10-2015][11:14:18] Starting: 8 Workers
[info][File:main.cpp][Line:112][thread:11836][07-10-2015][11:29:01] {"loglevel":"5","logfile":"default.log","thread":"0","port":"6060","max_tasks":"1024"}
[info][File:tcpserver.cpp][Line:106][thread:11836][07-10-2015][11:29:01] Server started on port: 6060
[info][File:main.cpp][Line:136][thread:11836][07-10-2015][11:29:01] Starting: 8 Workers
[info][File:main.cpp][Line:112][thread:6008][07-10-2015][11:32:25] {"loglevel":"5","logfile":"default.log","thread":"0","port":"6060","max_tasks":"1024"}
[info][File:tcpserver.cpp][Line:106][thread:6008][07-10-2015][11:32:25] Server started on port: 6060
[info][File:main.cpp][Line:136][thread:6008][07-10-2015][11:32:25] Starting: 8 Workers
[info][File:main.cpp][Line:112][thread:6376][07-10-2015][11:38:05] {"loglevel":"5","logfile":"default.log","thread":"0","port":"6060","max_tasks":"1024"}
[info][File:tcpserver.cpp][Line:106][thread:6376][07-10-2015][11:38:05] Server started on port: 6060
[info][File:main.cpp][Line:136][thread:6376][07-10-2015][11:38:05] Starting: 8 Workers
[info][File:main.cpp][Line:112][thread:3372][07-10-2015][11:38:24] {"loglevel":"5","logfile":"default.log","thread":"0","port":"6060","max_tasks":"1024"}
[info][File:tcpserver.cpp][Line:106][thread:3372][07-10-2015][11:38:24] Server started on port: 6060
[info][File:main.cpp][Line:136][thread:3372][07-10-2015][11:38:24] Starting: 8 Workers
[info][File:main.cpp][Line:112][thread:2236][11-10-2015][08:50:45] {"loglevel":5,"logfile":"default.log","thread":0,"port":"6060","max_tasks":1024}
[info][File:tcpserver.cpp][Line:106][thread:2236][11-10-2015][08:50:45] Server started on port: 6060
[info][File:main.cpp][Line:136][thread:2236][11-10-2015][08:50:45] Starting: 8 Workers
[info][File:main.cpp][Line:117][thread:5752][11-10-2015][17:51:34] {"loglevel":5,"logfile":"default.log","thread":0,"port":"6060","max_tasks":1024}
[info][File:tcpserver.cpp][Line:106][thread:5752][11-10-2015][17:51:34] Server started on port: 6060
[info][File:main.cpp][Line:141][thread:5752][11-10-2015][17:51:34] Starting: 8 Workers
[info][File:main.cpp][Line:112][thread:6164][11-10-2015][17:59:18] {"loglevel":5,"logfile":"default.log","thread":0,"port":"6060","max_tasks":1024}
[info][File:tcpserver.cpp][Line:106][thread:6164][11-10-2015][17:59:18] Server started on port: 6060
[info][File:main.cpp][Line:136][thread:6164][11-10-2015][17:59:18] Starting: 8 Workers
