[info][File:main.cpp][Line:56][thread:10020][09-10-2015][19:26:54] hashtest18007334074686647077
[info][File:main.cpp][Line:56][thread:1296][09-10-2015][19:37:55] hashtest18007334074686647077
[info][File:main.cpp][Line:56][thread:480][09-10-2015][19:38:20] hashtest 18007334074686647077
[info][File:main.cpp][Line:57][thread:480][09-10-2015][19:38:20] hashtest 18007334074686647077
[info][File:main.cpp][Line:53][thread:10960][11-10-2015][17:28:32] 14695961248137366483
[info][File:main.cpp][Line:53][thread:340][11-10-2015][17:28:49] 14695961248137366483
[info][File:main.cpp][Line:54][thread:340][11-10-2015][17:28:49] 14695961248137366483
[info][File:main.cpp][Line:53][thread:10204][11-10-2015][17:29:25] 14695961248137366483
[info][File:main.cpp][Line:54][thread:10204][11-10-2015][17:29:25] 14695961248137366483
[info][File:main.cpp][Line:53][thread:4476][11-10-2015][17:35:16] 14695961248137366483
[info][File:main.cpp][Line:54][thread:4476][11-10-2015][17:35:16] 14695961248137366483
[info][File:main.cpp][Line:53][thread:5344][11-10-2015][17:35:29] 14695961248137366483
[info][File:main.cpp][Line:54][thread:5344][11-10-2015][17:35:29] 14695961248137366483
[info][File:main.cpp][Line:53][thread:7040][11-10-2015][17:36:06] 14695961248137366483
[info][File:main.cpp][Line:54][thread:7040][11-10-2015][17:36:06] 14695961248137366483
[info][File:main.cpp][Line:53][thread:7524][11-10-2015][17:36:55] 14695961248137366483
[info][File:main.cpp][Line:54][thread:7524][11-10-2015][17:36:55] 14695961248137366483
[timer][File:d:\git_repo\jim-db\src\main.cpp][Line:55][thread:9764][11-10-2015][17:38:17] 14695961248137366483 [26탎]
[timer][File:d:\git_repo\jim-db\src\main.cpp][Line:58][thread:9764][11-10-2015][17:38:17] 18007334074686647077 [24탎]
[timer][File:d:\git_repo\jim-db\src\main.cpp][Line:66][thread:828][11-10-2015][17:41:33] 14696016223718741317 [49탎]
[timer][File:d:\git_repo\jim-db\src\main.cpp][Line:69][thread:828][11-10-2015][17:41:33] 3174950227159824707 [24탎]
[timer][File:d:\git_repo\jim-db\src\main.cpp][Line:66][thread:3720][11-10-2015][17:41:56] 14696085492951344220 [1783탎]
[timer][File:d:\git_repo\jim-db\src\main.cpp][Line:69][thread:3720][11-10-2015][17:41:56] 12481011622457424164 [280탎]
[timer][File:d:\git_repo\jim-db\src\main.cpp][Line:66][thread:6408][11-10-2015][17:42:37] 14696036014928077723 [141608탎]
[timer][File:d:\git_repo\jim-db\src\main.cpp][Line:69][thread:6408][11-10-2015][17:42:37] 9308752498640088805 [26293탎]
[info][File:main.cpp][Line:54][thread:5752][11-10-2015][17:51:34] 16797002355621538189:16797001256109909978
