Build started 11.10.2015 18:32:18.
     1>Project "D:\Git_repo\jim-db\src\jimdbMSVS.vcxproj" on node 2 (Rebuild target(s)).
     1>ClCompile:
         C:\Program Files (x86)\Microsoft Visual Studio 14.0\VC\bin\x86_amd64\CL.exe /c /ZI /nologo /W3 /WX- /sdl /Od /D _CRT_SECURE_NO_WARNINGS /D _MBCS /Gm /EHsc /RTC1 /MDd /GS /fp:precise /Zc:wchar_t /Zc:forScope /Zc:inline /Fo"x64\Debug\\" /Fd"x64\Debug\vc140.pdb" /Gd /TP /errorReport:prompt common\cmdargs.cpp common\configuration.cpp datatype\freetype.cpp datatype\stringtype.cpp log\logger.cpp log\logmessage.cpp log\logtimer.cpp main.cpp network\clienthandle.cpp network\message.cpp network\messagefactory.cpp network\tcpserver.cpp page\page.cpp tasking\handshake.cpp tasking\requesttask.cpp tasking\taskqueue.cpp thread\worker.cpp
         worker.cpp
         taskqueue.cpp
     1>d:\git_repo\jim-db\src\tasking\taskqueue.cpp(49): warning C4267: 'return': conversion from 'size_t' to 'int', possible loss of data
         requesttask.cpp
     1>d:\git_repo\jim-db\src\log\logger.h(127): warning C4522: 'jimdb::common::Logger': multiple assignment operators specified
         handshake.cpp
     1>d:\git_repo\jim-db\src\log\logger.h(127): warning C4522: 'jimdb::common::Logger': multiple assignment operators specified
         page.cpp
     1>d:\git_repo\jim-db\src\log\logger.h(127): warning C4522: 'jimdb::common::Logger': multiple assignment operators specified
     1>d:\git_repo\jim-db\src\page\page.cpp(40): warning C4267: 'argument': conversion from 'size_t' to 'const int', possible loss of data
         tcpserver.cpp
     1>d:\git_repo\jim-db\src\log\logger.h(127): warning C4522: 'jimdb::common::Logger': multiple assignment operators specified
     1>d:\git_repo\jim-db\src\common\configuration.h(127): warning C4522: 'jimdb::common::Configuration': multiple assignment operators specified
         messagefactory.cpp
         message.cpp
         clienthandle.cpp
     1>d:\git_repo\jim-db\src\log\logger.h(127): warning C4522: 'jimdb::common::Logger': multiple assignment operators specified
     1>d:\git_repo\jim-db\src\network\clienthandle.cpp(58): warning C4267: 'argument': conversion from 'size_t' to 'int', possible loss of data
         main.cpp
     1>d:\git_repo\jim-db\src\log\logger.h(127): warning C4522: 'jimdb::common::Logger': multiple assignment operators specified
     1>d:\git_repo\jim-db\src\common\configuration.h(127): warning C4522: 'jimdb::common::Configuration': multiple assignment operators specified
     1>d:\git_repo\jim-db\src\main.cpp(138): warning C4018: '<': signed/unsigned mismatch
         logtimer.cpp
         logmessage.cpp
     1>d:\git_repo\jim-db\src\log\logger.h(127): warning C4522: 'jimdb::common::Logger': multiple assignment operators specified
         logger.cpp
     1>d:\git_repo\jim-db\src\log\logger.h(127): warning C4522: 'jimdb::common::Logger': multiple assignment operators specified
     1>d:\git_repo\jim-db\src\common\configuration.h(127): warning C4522: 'jimdb::common::Configuration': multiple assignment operators specified
         stringtype.cpp
         freetype.cpp
     1>d:\git_repo\jim-db\src\datatype\freetype.cpp(34): warning C4267: 'return': conversion from 'size_t' to 'int', possible loss of data
         configuration.cpp
     1>d:\git_repo\jim-db\src\common\configuration.h(127): warning C4522: 'jimdb::common::Configuration': multiple assignment operators specified
     1>d:\git_repo\jim-db\src\log\logger.h(127): warning C4522: 'jimdb::common::Logger': multiple assignment operators specified
         cmdargs.cpp
         Generating Code...
       Link:
         C:\Program Files (x86)\Microsoft Visual Studio 14.0\VC\bin\x86_amd64\link.exe /ERRORREPORT:PROMPT /OUT:"D:\Git_repo\jim-db\src\x64\Debug\jimdbMSVS.exe" /INCREMENTAL /NOLOGO kernel32.lib user32.lib gdi32.lib winspool.lib comdlg32.lib advapi32.lib shell32.lib ole32.lib oleaut32.lib uuid.lib odbc32.lib odbccp32.lib /MANIFEST /MANIFESTUAC:"level='asInvoker' uiAccess='false'" /manifest:embed /Debug /PDB:"D:\Git_repo\jim-db\src\x64\Debug\jimdbMSVS.pdb" /TLBID:1 /DYNAMICBASE /NXCOMPAT /IMPLIB:"D:\Git_repo\jim-db\src\x64\Debug\jimdbMSVS.lib" /MACHINE:X64 x64\Debug\cmdargs.obj
         x64\Debug\configuration.obj
         x64\Debug\freetype.obj
         x64\Debug\stringtype.obj
         x64\Debug\logger.obj
         x64\Debug\logmessage.obj
         x64\Debug\logtimer.obj
         x64\Debug\main.obj
         x64\Debug\clienthandle.obj
         x64\Debug\message.obj
         x64\Debug\messagefactory.obj
         x64\Debug\tcpserver.obj
         x64\Debug\page.obj
         x64\Debug\handshake.obj
         x64\Debug\requesttask.obj
         x64\Debug\taskqueue.obj
         x64\Debug\worker.obj
         jimdbMSVS.vcxproj -> D:\Git_repo\jim-db\src\x64\Debug\jimdbMSVS.exe
     1>Done Building Project "D:\Git_repo\jim-db\src\jimdbMSVS.vcxproj" (Rebuild target(s)).

Build succeeded.

Time Elapsed 00:00:11.59
