d:\git_repo\jim-db\src\x64\debug\vc140.pdb
d:\git_repo\jim-db\src\x64\debug\vc140.idb
d:\git_repo\jim-db\src\x64\debug\cmdargs.obj
d:\git_repo\jim-db\src\x64\debug\configuration.obj
d:\git_repo\jim-db\src\x64\debug\freetype.obj
d:\git_repo\jim-db\src\x64\debug\stringtype.obj
d:\git_repo\jim-db\src\x64\debug\logger.obj
d:\git_repo\jim-db\src\x64\debug\logmessage.obj
d:\git_repo\jim-db\src\x64\debug\logtimer.obj
d:\git_repo\jim-db\src\x64\debug\main.obj
d:\git_repo\jim-db\src\x64\debug\clienthandle.obj
d:\git_repo\jim-db\src\x64\debug\message.obj
d:\git_repo\jim-db\src\x64\debug\messagefactory.obj
d:\git_repo\jim-db\src\x64\debug\tcpserver.obj
d:\git_repo\jim-db\src\x64\debug\page.obj
d:\git_repo\jim-db\src\x64\debug\handshake.obj
d:\git_repo\jim-db\src\x64\debug\requesttask.obj
d:\git_repo\jim-db\src\x64\debug\taskqueue.obj
d:\git_repo\jim-db\src\x64\debug\worker.obj
d:\git_repo\jim-db\src\x64\debug\jimdbmsvs.ilk
d:\git_repo\jim-db\src\x64\debug\jimdbmsvs.exe
d:\git_repo\jim-db\src\x64\debug\jimdbmsvs.pdb
d:\git_repo\jim-db\src\x64\debug\jimdbmsvs.tlog\cl.command.1.tlog
d:\git_repo\jim-db\src\x64\debug\jimdbmsvs.tlog\cl.read.1.tlog
d:\git_repo\jim-db\src\x64\debug\jimdbmsvs.tlog\cl.write.1.tlog
d:\git_repo\jim-db\src\x64\debug\jimdbmsvs.tlog\link.command.1.tlog
d:\git_repo\jim-db\src\x64\debug\jimdbmsvs.tlog\link.read.1.tlog
d:\git_repo\jim-db\src\x64\debug\jimdbmsvs.tlog\link.write.1.tlog
